
*** Running vivado
    with args -log full_subtractor.vds -m64 -product Vivado -mode batch -messageDb vivado.pb -notrace -source full_subtractor.tcl


ECHO is off.
ECHO is off.

****** Vivado v2023.2 (64-bit)
  **** SW Build 4029153 on Fri Oct 13 20:14:34 MDT 2023
  **** IP Build 4028589 on Sat Oct 14 00:45:43 MDT 2023
  **** SharedData Build 4025554 on Tue Oct 10 17:18:54 MDT 2023
    ** Copyright 1986-2022 Xilinx, Inc. All Rights Reserved.
    ** Copyright 2022-2023 Advanced Micro Devices, Inc. All Rights Reserved.

source full_subtractor.tcl -notrace
create_project: Time (s): cpu = 00:00:16 ; elapsed = 00:00:21 . Memory (MB): peak = 467.500 ; gain = 177.207
Command: synth_design -top full_subtractor -part xc7k70tfbv676-1
Starting synth_design
Attempting to get a license for feature 'Synthesis' and/or device 'xc7k70t'
INFO: [Common 17-349] Got license for feature 'Synthesis' and/or device 'xc7k70t'
INFO: [Synth 8-7079] Multithreading enabled for synth_design using a maximum of 2 processes.
INFO: [Synth 8-7078] Launching helper process for spawning children vivado processes
WARNING: [Common 17-1361] You have specified a new message control rule that is equivalent to an existing rule with attributes ' -id {17-179}  -suppress '. The existing rule will be replaced.
INFO: [Synth 8-7075] Helper process launched with PID 5668
---------------------------------------------------------------------------------
Starting Synthesize : Time (s): cpu = 00:00:14 ; elapsed = 00:00:18 . Memory (MB): peak = 916.320 ; gain = 444.879
---------------------------------------------------------------------------------
INFO: [Synth 8-6157] synthesizing module 'full_subtractor' [D:/intern/full_subtractor/full_subtractor.srcs/sources_1/new/full_subtractor.v:23]
INFO: [Synth 8-6155] done synthesizing module 'full_subtractor' (0#1) [D:/intern/full_subtractor/full_subtractor.srcs/sources_1/new/full_subtractor.v:23]
---------------------------------------------------------------------------------
Finished Synthesize : Time (s): cpu = 00:00:18 ; elapsed = 00:00:23 . Memory (MB): peak = 1023.020 ; gain = 551.578
---------------------------------------------------------------------------------
---------------------------------------------------------------------------------
Finished Constraint Validation : Time (s): cpu = 00:00:19 ; elapsed = 00:00:24 . Memory (MB): peak = 1023.020 ; gain = 551.578
---------------------------------------------------------------------------------
---------------------------------------------------------------------------------
Start Loading Part and Timing Information
---------------------------------------------------------------------------------
Loading part: xc7k70tfbv676-1
---------------------------------------------------------------------------------
Finished Loading Part and Timing Information : Time (s): cpu = 00:00:19 ; elapsed = 00:00:24 . Memory (MB): peak = 1023.020 ; gain = 551.578
---------------------------------------------------------------------------------
INFO: [Device 21-403] Loading part xc7k70tfbv676-1
---------------------------------------------------------------------------------
Finished RTL Optimization Phase 2 : Time (s): cpu = 00:00:20 ; elapsed = 00:00:24 . Memory (MB): peak = 1023.020 ; gain = 551.578
---------------------------------------------------------------------------------
No constraint files found.
---------------------------------------------------------------------------------
Start RTL Component Statistics 
---------------------------------------------------------------------------------
Detailed RTL Component Info : 
+---XORs : 
	   3 Input      1 Bit         XORs := 1     
---------------------------------------------------------------------------------
Finished RTL Component Statistics 
---------------------------------------------------------------------------------
---------------------------------------------------------------------------------
Start Part Resource Summary
---------------------------------------------------------------------------------
